CRITICAL - 2022-02-02 11:33:57 --> Undefined property: App\Controllers\Nasabah::$menuModel
#0 C:\xampp\htdocs\sinjam\app\Controllers\Nasabah.php(73): CodeIgniter\Debug\Exceptions->errorHandler(8, 'Undefined prope...', 'C:\\xampp\\htdocs...', 73, Array)
#1 C:\xampp\htdocs\sinjam\system\CodeIgniter.php(824): App\Controllers\Nasabah->upload()
#2 C:\xampp\htdocs\sinjam\system\CodeIgniter.php(410): CodeIgniter\CodeIgniter->runController(Object(App\Controllers\Nasabah))
#3 C:\xampp\htdocs\sinjam\system\CodeIgniter.php(318): CodeIgniter\CodeIgniter->handleRequest(NULL, Object(Config\Cache), false)
#4 C:\xampp\htdocs\sinjam\index.php(37): CodeIgniter\CodeIgniter->run()
#5 {main}
CRITICAL - 2022-02-02 11:35:03 --> Undefined property: App\Controllers\Nasabah::$menuModel
#0 C:\xampp\htdocs\sinjam\app\Controllers\Nasabah.php(73): CodeIgniter\Debug\Exceptions->errorHandler(8, 'Undefined prope...', 'C:\\xampp\\htdocs...', 73, Array)
#1 C:\xampp\htdocs\sinjam\system\CodeIgniter.php(824): App\Controllers\Nasabah->upload()
#2 C:\xampp\htdocs\sinjam\system\CodeIgniter.php(410): CodeIgniter\CodeIgniter->runController(Object(App\Controllers\Nasabah))
#3 C:\xampp\htdocs\sinjam\system\CodeIgniter.php(318): CodeIgniter\CodeIgniter->handleRequest(NULL, Object(Config\Cache), false)
#4 C:\xampp\htdocs\sinjam\index.php(37): CodeIgniter\CodeIgniter->run()
#5 {main}
CRITICAL - 2022-02-02 11:35:08 --> Undefined property: App\Controllers\Nasabah::$menuModel
#0 C:\xampp\htdocs\sinjam\app\Controllers\Nasabah.php(73): CodeIgniter\Debug\Exceptions->errorHandler(8, 'Undefined prope...', 'C:\\xampp\\htdocs...', 73, Array)
#1 C:\xampp\htdocs\sinjam\system\CodeIgniter.php(824): App\Controllers\Nasabah->upload()
#2 C:\xampp\htdocs\sinjam\system\CodeIgniter.php(410): CodeIgniter\CodeIgniter->runController(Object(App\Controllers\Nasabah))
#3 C:\xampp\htdocs\sinjam\system\CodeIgniter.php(318): CodeIgniter\CodeIgniter->handleRequest(NULL, Object(Config\Cache), false)
#4 C:\xampp\htdocs\sinjam\index.php(37): CodeIgniter\CodeIgniter->run()
#5 {main}
CRITICAL - 2022-02-02 11:35:10 --> Undefined property: App\Controllers\Nasabah::$menuModel
#0 C:\xampp\htdocs\sinjam\app\Controllers\Nasabah.php(73): CodeIgniter\Debug\Exceptions->errorHandler(8, 'Undefined prope...', 'C:\\xampp\\htdocs...', 73, Array)
#1 C:\xampp\htdocs\sinjam\system\CodeIgniter.php(824): App\Controllers\Nasabah->upload()
#2 C:\xampp\htdocs\sinjam\system\CodeIgniter.php(410): CodeIgniter\CodeIgniter->runController(Object(App\Controllers\Nasabah))
#3 C:\xampp\htdocs\sinjam\system\CodeIgniter.php(318): CodeIgniter\CodeIgniter->handleRequest(NULL, Object(Config\Cache), false)
#4 C:\xampp\htdocs\sinjam\index.php(37): CodeIgniter\CodeIgniter->run()
#5 {main}
CRITICAL - 2022-02-02 11:35:10 --> Undefined property: App\Controllers\Nasabah::$menuModel
#0 C:\xampp\htdocs\sinjam\app\Controllers\Nasabah.php(73): CodeIgniter\Debug\Exceptions->errorHandler(8, 'Undefined prope...', 'C:\\xampp\\htdocs...', 73, Array)
#1 C:\xampp\htdocs\sinjam\system\CodeIgniter.php(824): App\Controllers\Nasabah->upload()
#2 C:\xampp\htdocs\sinjam\system\CodeIgniter.php(410): CodeIgniter\CodeIgniter->runController(Object(App\Controllers\Nasabah))
#3 C:\xampp\htdocs\sinjam\system\CodeIgniter.php(318): CodeIgniter\CodeIgniter->handleRequest(NULL, Object(Config\Cache), false)
#4 C:\xampp\htdocs\sinjam\index.php(37): CodeIgniter\CodeIgniter->run()
#5 {main}
CRITICAL - 2022-02-02 11:35:10 --> Undefined property: App\Controllers\Nasabah::$menuModel
#0 C:\xampp\htdocs\sinjam\app\Controllers\Nasabah.php(73): CodeIgniter\Debug\Exceptions->errorHandler(8, 'Undefined prope...', 'C:\\xampp\\htdocs...', 73, Array)
#1 C:\xampp\htdocs\sinjam\system\CodeIgniter.php(824): App\Controllers\Nasabah->upload()
#2 C:\xampp\htdocs\sinjam\system\CodeIgniter.php(410): CodeIgniter\CodeIgniter->runController(Object(App\Controllers\Nasabah))
#3 C:\xampp\htdocs\sinjam\system\CodeIgniter.php(318): CodeIgniter\CodeIgniter->handleRequest(NULL, Object(Config\Cache), false)
#4 C:\xampp\htdocs\sinjam\index.php(37): CodeIgniter\CodeIgniter->run()
#5 {main}
CRITICAL - 2022-02-02 11:35:10 --> Undefined property: App\Controllers\Nasabah::$menuModel
#0 C:\xampp\htdocs\sinjam\app\Controllers\Nasabah.php(73): CodeIgniter\Debug\Exceptions->errorHandler(8, 'Undefined prope...', 'C:\\xampp\\htdocs...', 73, Array)
#1 C:\xampp\htdocs\sinjam\system\CodeIgniter.php(824): App\Controllers\Nasabah->upload()
#2 C:\xampp\htdocs\sinjam\system\CodeIgniter.php(410): CodeIgniter\CodeIgniter->runController(Object(App\Controllers\Nasabah))
#3 C:\xampp\htdocs\sinjam\system\CodeIgniter.php(318): CodeIgniter\CodeIgniter->handleRequest(NULL, Object(Config\Cache), false)
#4 C:\xampp\htdocs\sinjam\index.php(37): CodeIgniter\CodeIgniter->run()
#5 {main}
CRITICAL - 2022-02-02 11:35:10 --> Undefined property: App\Controllers\Nasabah::$menuModel
#0 C:\xampp\htdocs\sinjam\app\Controllers\Nasabah.php(73): CodeIgniter\Debug\Exceptions->errorHandler(8, 'Undefined prope...', 'C:\\xampp\\htdocs...', 73, Array)
#1 C:\xampp\htdocs\sinjam\system\CodeIgniter.php(824): App\Controllers\Nasabah->upload()
#2 C:\xampp\htdocs\sinjam\system\CodeIgniter.php(410): CodeIgniter\CodeIgniter->runController(Object(App\Controllers\Nasabah))
#3 C:\xampp\htdocs\sinjam\system\CodeIgniter.php(318): CodeIgniter\CodeIgniter->handleRequest(NULL, Object(Config\Cache), false)
#4 C:\xampp\htdocs\sinjam\index.php(37): CodeIgniter\CodeIgniter->run()
#5 {main}
CRITICAL - 2022-02-02 11:35:11 --> Undefined property: App\Controllers\Nasabah::$menuModel
#0 C:\xampp\htdocs\sinjam\app\Controllers\Nasabah.php(73): CodeIgniter\Debug\Exceptions->errorHandler(8, 'Undefined prope...', 'C:\\xampp\\htdocs...', 73, Array)
#1 C:\xampp\htdocs\sinjam\system\CodeIgniter.php(824): App\Controllers\Nasabah->upload()
#2 C:\xampp\htdocs\sinjam\system\CodeIgniter.php(410): CodeIgniter\CodeIgniter->runController(Object(App\Controllers\Nasabah))
#3 C:\xampp\htdocs\sinjam\system\CodeIgniter.php(318): CodeIgniter\CodeIgniter->handleRequest(NULL, Object(Config\Cache), false)
#4 C:\xampp\htdocs\sinjam\index.php(37): CodeIgniter\CodeIgniter->run()
#5 {main}
CRITICAL - 2022-02-02 11:35:11 --> Undefined property: App\Controllers\Nasabah::$menuModel
#0 C:\xampp\htdocs\sinjam\app\Controllers\Nasabah.php(73): CodeIgniter\Debug\Exceptions->errorHandler(8, 'Undefined prope...', 'C:\\xampp\\htdocs...', 73, Array)
#1 C:\xampp\htdocs\sinjam\system\CodeIgniter.php(824): App\Controllers\Nasabah->upload()
#2 C:\xampp\htdocs\sinjam\system\CodeIgniter.php(410): CodeIgniter\CodeIgniter->runController(Object(App\Controllers\Nasabah))
#3 C:\xampp\htdocs\sinjam\system\CodeIgniter.php(318): CodeIgniter\CodeIgniter->handleRequest(NULL, Object(Config\Cache), false)
#4 C:\xampp\htdocs\sinjam\index.php(37): CodeIgniter\CodeIgniter->run()
#5 {main}
CRITICAL - 2022-02-02 11:35:12 --> Undefined property: App\Controllers\Nasabah::$menuModel
#0 C:\xampp\htdocs\sinjam\app\Controllers\Nasabah.php(73): CodeIgniter\Debug\Exceptions->errorHandler(8, 'Undefined prope...', 'C:\\xampp\\htdocs...', 73, Array)
#1 C:\xampp\htdocs\sinjam\system\CodeIgniter.php(824): App\Controllers\Nasabah->upload()
#2 C:\xampp\htdocs\sinjam\system\CodeIgniter.php(410): CodeIgniter\CodeIgniter->runController(Object(App\Controllers\Nasabah))
#3 C:\xampp\htdocs\sinjam\system\CodeIgniter.php(318): CodeIgniter\CodeIgniter->handleRequest(NULL, Object(Config\Cache), false)
#4 C:\xampp\htdocs\sinjam\index.php(37): CodeIgniter\CodeIgniter->run()
#5 {main}
CRITICAL - 2022-02-02 11:35:50 --> Undefined property: App\Controllers\Nasabah::$menuModel
#0 C:\xampp\htdocs\sinjam\app\Controllers\Nasabah.php(73): CodeIgniter\Debug\Exceptions->errorHandler(8, 'Undefined prope...', 'C:\\xampp\\htdocs...', 73, Array)
#1 C:\xampp\htdocs\sinjam\system\CodeIgniter.php(824): App\Controllers\Nasabah->upload()
#2 C:\xampp\htdocs\sinjam\system\CodeIgniter.php(410): CodeIgniter\CodeIgniter->runController(Object(App\Controllers\Nasabah))
#3 C:\xampp\htdocs\sinjam\system\CodeIgniter.php(318): CodeIgniter\CodeIgniter->handleRequest(NULL, Object(Config\Cache), false)
#4 C:\xampp\htdocs\sinjam\index.php(37): CodeIgniter\CodeIgniter->run()
#5 {main}
ERROR - 2022-02-02 22:27:22 --> Unknown column 'aktif' in 'where clause'
CRITICAL - 2022-02-02 22:27:22 --> Unknown column 'aktif' in 'where clause'
#0 C:\xampp\htdocs\sinjam\system\Database\MySQLi\Connection.php(292): mysqli->query('SELECT *\nFROM `...', 0)
#1 C:\xampp\htdocs\sinjam\system\Database\BaseConnection.php(670): CodeIgniter\Database\MySQLi\Connection->execute('SELECT *\nFROM `...')
#2 C:\xampp\htdocs\sinjam\system\Database\BaseConnection.php(598): CodeIgniter\Database\BaseConnection->simpleQuery('SELECT *\nFROM `...')
#3 C:\xampp\htdocs\sinjam\system\Database\BaseBuilder.php(1443): CodeIgniter\Database\BaseConnection->query('SELECT *\nFROM `...', Array, false)
#4 C:\xampp\htdocs\sinjam\system\Model.php(183): CodeIgniter\Database\BaseBuilder->get()
#5 C:\xampp\htdocs\sinjam\system\BaseModel.php(584): CodeIgniter\Model->doFindAll(0, 0)
#6 C:\xampp\htdocs\sinjam\app\Controllers\Nasabah.php(26): CodeIgniter\BaseModel->findAll()
#7 C:\xampp\htdocs\sinjam\system\CodeIgniter.php(824): App\Controllers\Nasabah->dataAktif()
#8 C:\xampp\htdocs\sinjam\system\CodeIgniter.php(410): CodeIgniter\CodeIgniter->runController(Object(App\Controllers\Nasabah))
#9 C:\xampp\htdocs\sinjam\system\CodeIgniter.php(318): CodeIgniter\CodeIgniter->handleRequest(NULL, Object(Config\Cache), false)
#10 C:\xampp\htdocs\sinjam\index.php(37): CodeIgniter\CodeIgniter->run()
#11 {main}
