ERROR - 2022-02-06 10:55:20 --> Unknown column 'hapus' in 'where clause'
CRITICAL - 2022-02-06 10:55:20 --> Unknown column 'hapus' in 'where clause'
#0 C:\xampp\htdocs\sinjam\system\Database\MySQLi\Connection.php(292): mysqli->query('SELECT *\nFROM `...', 0)
#1 C:\xampp\htdocs\sinjam\system\Database\BaseConnection.php(670): CodeIgniter\Database\MySQLi\Connection->execute('SELECT *\nFROM `...')
#2 C:\xampp\htdocs\sinjam\system\Database\BaseConnection.php(598): CodeIgniter\Database\BaseConnection->simpleQuery('SELECT *\nFROM `...')
#3 C:\xampp\htdocs\sinjam\system\Database\BaseBuilder.php(1443): CodeIgniter\Database\BaseConnection->query('SELECT *\nFROM `...', Array, false)
#4 C:\xampp\htdocs\sinjam\system\Model.php(183): CodeIgniter\Database\BaseBuilder->get()
#5 C:\xampp\htdocs\sinjam\system\BaseModel.php(584): CodeIgniter\Model->doFindAll(0, 0)
#6 C:\xampp\htdocs\sinjam\app\Controllers\User.php(22): CodeIgniter\BaseModel->findAll()
#7 C:\xampp\htdocs\sinjam\system\CodeIgniter.php(824): App\Controllers\User->muatData()
#8 C:\xampp\htdocs\sinjam\system\CodeIgniter.php(410): CodeIgniter\CodeIgniter->runController(Object(App\Controllers\User))
#9 C:\xampp\htdocs\sinjam\system\CodeIgniter.php(318): CodeIgniter\CodeIgniter->handleRequest(NULL, Object(Config\Cache), false)
#10 C:\xampp\htdocs\sinjam\index.php(37): CodeIgniter\CodeIgniter->run()
#11 {main}
ERROR - 2022-02-06 10:55:32 --> Unknown column 'hapus' in 'where clause'
CRITICAL - 2022-02-06 10:55:32 --> Unknown column 'hapus' in 'where clause'
#0 C:\xampp\htdocs\sinjam\system\Database\MySQLi\Connection.php(292): mysqli->query('SELECT *\nFROM `...', 0)
#1 C:\xampp\htdocs\sinjam\system\Database\BaseConnection.php(670): CodeIgniter\Database\MySQLi\Connection->execute('SELECT *\nFROM `...')
#2 C:\xampp\htdocs\sinjam\system\Database\BaseConnection.php(598): CodeIgniter\Database\BaseConnection->simpleQuery('SELECT *\nFROM `...')
#3 C:\xampp\htdocs\sinjam\system\Database\BaseBuilder.php(1443): CodeIgniter\Database\BaseConnection->query('SELECT *\nFROM `...', Array, false)
#4 C:\xampp\htdocs\sinjam\system\Model.php(183): CodeIgniter\Database\BaseBuilder->get()
#5 C:\xampp\htdocs\sinjam\system\BaseModel.php(584): CodeIgniter\Model->doFindAll(0, 0)
#6 C:\xampp\htdocs\sinjam\app\Controllers\User.php(22): CodeIgniter\BaseModel->findAll()
#7 C:\xampp\htdocs\sinjam\system\CodeIgniter.php(824): App\Controllers\User->muatData()
#8 C:\xampp\htdocs\sinjam\system\CodeIgniter.php(410): CodeIgniter\CodeIgniter->runController(Object(App\Controllers\User))
#9 C:\xampp\htdocs\sinjam\system\CodeIgniter.php(318): CodeIgniter\CodeIgniter->handleRequest(NULL, Object(Config\Cache), false)
#10 C:\xampp\htdocs\sinjam\index.php(37): CodeIgniter\CodeIgniter->run()
#11 {main}
ERROR - 2022-02-06 10:55:46 --> Unknown column 'hapus' in 'where clause'
CRITICAL - 2022-02-06 10:55:46 --> Unknown column 'hapus' in 'where clause'
#0 C:\xampp\htdocs\sinjam\system\Database\MySQLi\Connection.php(292): mysqli->query('SELECT *\nFROM `...', 0)
#1 C:\xampp\htdocs\sinjam\system\Database\BaseConnection.php(670): CodeIgniter\Database\MySQLi\Connection->execute('SELECT *\nFROM `...')
#2 C:\xampp\htdocs\sinjam\system\Database\BaseConnection.php(598): CodeIgniter\Database\BaseConnection->simpleQuery('SELECT *\nFROM `...')
#3 C:\xampp\htdocs\sinjam\system\Database\BaseBuilder.php(1443): CodeIgniter\Database\BaseConnection->query('SELECT *\nFROM `...', Array, false)
#4 C:\xampp\htdocs\sinjam\system\Model.php(183): CodeIgniter\Database\BaseBuilder->get()
#5 C:\xampp\htdocs\sinjam\system\BaseModel.php(584): CodeIgniter\Model->doFindAll(0, 0)
#6 C:\xampp\htdocs\sinjam\app\Controllers\User.php(22): CodeIgniter\BaseModel->findAll()
#7 C:\xampp\htdocs\sinjam\system\CodeIgniter.php(824): App\Controllers\User->muatData()
#8 C:\xampp\htdocs\sinjam\system\CodeIgniter.php(410): CodeIgniter\CodeIgniter->runController(Object(App\Controllers\User))
#9 C:\xampp\htdocs\sinjam\system\CodeIgniter.php(318): CodeIgniter\CodeIgniter->handleRequest(NULL, Object(Config\Cache), false)
#10 C:\xampp\htdocs\sinjam\index.php(37): CodeIgniter\CodeIgniter->run()
#11 {main}
ERROR - 2022-02-06 10:56:10 --> Unknown column 'hapus' in 'where clause'
CRITICAL - 2022-02-06 10:56:10 --> Unknown column 'hapus' in 'where clause'
#0 C:\xampp\htdocs\sinjam\system\Database\MySQLi\Connection.php(292): mysqli->query('SELECT *\nFROM `...', 0)
#1 C:\xampp\htdocs\sinjam\system\Database\BaseConnection.php(670): CodeIgniter\Database\MySQLi\Connection->execute('SELECT *\nFROM `...')
#2 C:\xampp\htdocs\sinjam\system\Database\BaseConnection.php(598): CodeIgniter\Database\BaseConnection->simpleQuery('SELECT *\nFROM `...')
#3 C:\xampp\htdocs\sinjam\system\Database\BaseBuilder.php(1443): CodeIgniter\Database\BaseConnection->query('SELECT *\nFROM `...', Array, false)
#4 C:\xampp\htdocs\sinjam\system\Model.php(183): CodeIgniter\Database\BaseBuilder->get()
#5 C:\xampp\htdocs\sinjam\system\BaseModel.php(584): CodeIgniter\Model->doFindAll(0, 0)
#6 C:\xampp\htdocs\sinjam\app\Controllers\User.php(22): CodeIgniter\BaseModel->findAll()
#7 C:\xampp\htdocs\sinjam\system\CodeIgniter.php(824): App\Controllers\User->muatData()
#8 C:\xampp\htdocs\sinjam\system\CodeIgniter.php(410): CodeIgniter\CodeIgniter->runController(Object(App\Controllers\User))
#9 C:\xampp\htdocs\sinjam\system\CodeIgniter.php(318): CodeIgniter\CodeIgniter->handleRequest(NULL, Object(Config\Cache), false)
#10 C:\xampp\htdocs\sinjam\index.php(37): CodeIgniter\CodeIgniter->run()
#11 {main}
